[debug] [2022-02-07T15:16:35.650Z] ----------------------------------------------------------------------
[debug] [2022-02-07T15:16:35.655Z] Command:       C:\Program Files\nodejs\node.exe C:\Users\BAN181070\AppData\Roaming\npm\node_modules\firebase-tools\lib\bin\firebase.js login
[debug] [2022-02-07T15:16:35.655Z] CLI Version:   10.1.4
[debug] [2022-02-07T15:16:35.655Z] Platform:      win32
[debug] [2022-02-07T15:16:35.655Z] Node Version:  v12.16.1
[debug] [2022-02-07T15:16:35.665Z] Time:          Mon Feb 07 2022 20:46:35 GMT+0530 (India Standard Time)
[debug] [2022-02-07T15:16:35.665Z] ----------------------------------------------------------------------
[debug] 
[debug] [2022-02-07T15:16:35.675Z] >>> [apiv2][query] GET https://firebase-public.firebaseio.com/cli.json [none]
[info] i  Firebase optionally collects CLI usage and error reporting information to help improve our products. Data is collected in accordance with Google's privacy policy (https://policies.google.com/privacy) and is not used to identify you.
 
[debug] [2022-02-07T15:16:37.094Z] <<< [apiv2][status] GET https://firebase-public.firebaseio.com/cli.json 200
[debug] [2022-02-07T15:16:37.094Z] <<< [apiv2][body] GET https://firebase-public.firebaseio.com/cli.json {"cloudBuildErrorAfter":1594252800000,"cloudBuildWarnAfter":1590019200000,"defaultNode10After":1594252800000,"minVersion":"3.0.5","node8DeploysDisabledAfter":1613390400000,"node8RuntimeDisabledAfter":1615809600000,"node8WarnAfter":1600128000000}
[debug] [2022-02-07T15:16:43.423Z] Error: EPERM: operation not permitted, rename 'C:\Users\BAN181070\.config\configstore\firebase-tools.json.2908638576' -> 'C:\Users\BAN181070\.config\configstore\firebase-tools.json'
    at Object.renameSync (fs.js:660:3)
    at Function.writeFileSync [as sync] (C:\Users\BAN181070\AppData\Roaming\npm\node_modules\firebase-tools\node_modules\write-file-atomic\index.js:244:8)
    at Configstore.set all [as all] (C:\Users\BAN181070\AppData\Roaming\npm\node_modules\firebase-tools\node_modules\configstore\index.js:61:20)
    at Configstore.set (C:\Users\BAN181070\AppData\Roaming\npm\node_modules\firebase-tools\node_modules\configstore\index.js:91:12)
    at Command.actionFn (C:\Users\BAN181070\AppData\Roaming\npm\node_modules\firebase-tools\lib\commands\login.js:36:35)
    at processTicksAndRejections (internal/process/task_queues.js:97:5)
[error] 
[error] Error: An unexpected error has occurred.
[debug] [2022-02-07T15:16:43.905Z] Error: EPERM: operation not permitted, rename 'C:\Users\BAN181070\.config\configstore\firebase-tools.json.2397052817' -> 'C:\Users\BAN181070\.config\configstore\firebase-tools.json'
    at Object.renameSync (fs.js:660:3)
    at Function.writeFileSync [as sync] (C:\Users\BAN181070\AppData\Roaming\npm\node_modules\firebase-tools\node_modules\write-file-atomic\index.js:244:8)
    at Configstore.set all [as all] (C:\Users\BAN181070\AppData\Roaming\npm\node_modules\firebase-tools\node_modules\configstore\index.js:61:20)
    at Configstore.set (C:\Users\BAN181070\AppData\Roaming\npm\node_modules\firebase-tools\node_modules\configstore\index.js:91:12)
    at process.<anonymous> (C:\Users\BAN181070\AppData\Roaming\npm\node_modules\firebase-tools\lib\bin\firebase.js:108:21)
    at process.emit (events.js:323:22)
    at process.exit (internal/process/per_thread.js:165:15)
    at Timeout._onTimeout (C:\Users\BAN181070\AppData\Roaming\npm\node_modules\firebase-tools\lib\errorOut.js:20:17)
    at listOnTimeout (internal/timers.js:549:17)
    at processTimers (internal/timers.js:492:7)
[error] 
[error] Error: An unexpected error has occurred.
[debug] [2022-02-07T15:17:23.297Z] ----------------------------------------------------------------------
[debug] [2022-02-07T15:17:23.301Z] Command:       C:\Program Files\nodejs\node.exe C:\Users\BAN181070\AppData\Roaming\npm\node_modules\firebase-tools\lib\bin\firebase.js login
[debug] [2022-02-07T15:17:23.301Z] CLI Version:   10.1.4
[debug] [2022-02-07T15:17:23.301Z] Platform:      win32
[debug] [2022-02-07T15:17:23.301Z] Node Version:  v12.16.1
[debug] [2022-02-07T15:17:23.306Z] Time:          Mon Feb 07 2022 20:47:23 GMT+0530 (India Standard Time)
[debug] [2022-02-07T15:17:23.311Z] ----------------------------------------------------------------------
[debug] 
[info] i  Firebase optionally collects CLI usage and error reporting information to help improve our products. Data is collected in accordance with Google's privacy policy (https://policies.google.com/privacy) and is not used to identify you.
 
[info] i  To change your data collection preference at any time, run `firebase logout` and log in again. 
[info] 
[info] Visit this URL on this device to log in:
[info] https://accounts.google.com/o/oauth2/auth?client_id=563584335869-fgrhgmd47bqnekij5i8b5pr03ho849e6.apps.googleusercontent.com&scope=email%20openid%20https%3A%2F%2Fwww.googleapis.com%2Fauth%2Fcloudplatformprojects.readonly%20https%3A%2F%2Fwww.googleapis.com%2Fauth%2Ffirebase%20https%3A%2F%2Fwww.googleapis.com%2Fauth%2Fcloud-platform&response_type=code&state=810979131&redirect_uri=http%3A%2F%2Flocalhost%3A9005
[info] 
[info] Waiting for authentication...
